<?xml version="1.0" encoding="UTF-8"?>
<!-- Generated by org.testng.reporters.JUnitReportReporter -->
<testsuite skipped="0" hostname="Ayas-MacBook-Pro.local" name="com.servicenow.test.BranchTest" tests="3" failures="0" timestamp="08 Aug 2018 21:18:59 GMT" time="61.604" errors="0">
  <testcase name="adminLogin" time="0.561" classname="com.servicenow.test.BranchTest"/>
  <testcase name="checkBranchesAreEmpty" time="60.393" classname="com.servicenow.test.BranchTest"/>
  <testcase name="addNewBranch" time="0.650" classname="com.servicenow.test.BranchTest"/>
</testsuite> <!-- com.servicenow.test.BranchTest -->
