<?xml version="1.0" encoding="UTF-8"?>
<!-- Generated by org.testng.reporters.JUnitReportReporter -->
<testsuite skipped="0" hostname="Ayas-MacBook-Pro.local" name="com.servicenow.test.LoginTest" tests="5" failures="0" timestamp="08 Aug 2018 19:37:58 GMT" time="2.937" errors="0">
  <testcase name="adminLoginSuccessfully" time="0.730" classname="com.servicenow.test.LoginTest"/>
  <testcase name="logoutSuccessfully" time="0.511" classname="com.servicenow.test.LoginTest"/>
  <testcase name="loginEmptyUserName" time="0.674" classname="com.servicenow.test.LoginTest"/>
  <testcase name="loginEmptyPassword" time="0.502" classname="com.servicenow.test.LoginTest"/>
  <testcase name="loginWrongCreds" time="0.520" classname="com.servicenow.test.LoginTest"/>
</testsuite> <!-- com.servicenow.test.LoginTest -->
